
                         Lattice Mapping Report File

Design:  top
Family:  iCE40UP
Device:  iCE40UP5K
Package: SG48
Performance Grade:  High-Performance_1.2V

Mapper:    version Radiant Software (64-bit) 2024.1.1.259.1
Mapped on: Sat Sep 28 18:21:57 2024

Design Information
------------------

Command line:   map -pdc C:/Users/spenc/OneDrive/Documents/Desktop/HMC/microPs/m
     icroP-lab3/fpga/radiant_project/lab3_jb/source/impl_1/impl_1.pdc -i
     lab3_jb_impl_1_syn.udb -o lab3_jb_impl_1_map.udb -mp lab3_jb_impl_1.mrp
     -hierrpt -gui -msgset C:/Users/spenc/OneDrive/Documents/Desktop/HMC/microPs
     /microP-lab3/fpga/radiant_project/lab3_jb/promote.xml

Design Summary
--------------

   Number of slice registers:  25 out of  5280 (<1%)
   Number of I/O registers:      0 out of   117 (0%)
   Number of LUT4s:            47 out of  5280 (1%)
      Number of logic LUT4s:              28
      Number of inserted feedthru LUT4s:   1
      Number of ripple logic:              9 (18 LUT4s)
   Number of IO sites used:   6 out of 39 (15%)
      Number of IO sites used for general PIO: 6
      Number of IO sites used for I3C: 0 out of 2 (0%)
      (note: If I3C is not used, its site can be used as general PIO)
      Number of IO sites used for PIO+I3C: 6 out of 36 (17%)
      Number of IO sites used for OD+RGB IO buffers: 0 out of 3 (0%)
      (note: If RGB LED drivers are not used, sites can be used as OD outputs,
       see TN1288 iCE40 LED Driver Usage Guide)
      Number of IO sites used for PIO+I3C+OD+RGB: 6 out of 39 (15%)
   Number of DSPs:             0 out of 8 (0%)
   Number of I2Cs:             0 out of 2 (0%)
   Number of High Speed OSCs:  1 out of 1 (100%)
   Number of Low Speed OSCs:   0 out of 1 (0%)
   Number of RGB PWM:          0 out of 1 (0%)
   Number of RGB Drivers:      0 out of 1 (0%)
   Number of SCL FILTERs:      0 out of 2 (0%)
   Number of SRAMs:            0 out of 4 (0%)
   Number of WARMBOOTs:        0 out of 1 (0%)
   Number of SPIs:             0 out of 2 (0%)
   Number of EBRs:             0 out of 30 (0%)
   Number of PLLs:             0 out of 1 (0%)
   Number of Clocks:  2
      Net int_osc: 9 loads, 9 rising, 0 falling (Driver: Pin hf_osc/CLKHF)
      Net clk_c: 9 loads, 9 rising, 0 falling (Driver: Pin
     clk_slow_219_226__i16/Q)
   Number of Clock Enables:  1
      Net VCC_net: 1 loads, 0 SLICEs
   Number of LSRs:  2
      Net n4: 9 loads, 9 SLICEs
      Net state_FSM_illegal: 8 loads, 8 SLICEs
   Top 10 highest fanout non-clock nets:
      Net n4: 9 loads

                                    Page 1





Design Summary (cont)
---------------------
      Net state[2]: 9 loads
      Net state[1]: 8 loads
      Net state[6]: 8 loads
      Net state_FSM_illegal: 8 loads
      Net state[0]: 7 loads
      Net n145: 6 loads
      Net n447: 6 loads
      Net state[10]: 5 loads
      Net state[11]: 5 loads





   Number of warnings:  0
   Number of criticals: 0
   Number of errors:    0

Design Errors/Criticals/Warnings
--------------------------------

   No error, critical, or warning presents.

IO (PIO) Attributes
-------------------

+---------------------+-----------+-----------+-------+-------+-----------+
| IO Name             | Direction | Levelmode |  IO   |  IO   | Special   |
|                     |           |  IO_TYPE  |  REG  |  DDR  | IO Buffer |
+---------------------+-----------+-----------+-------+-------+-----------+
| r_sel[3]            | OUTPUT    |           |       |       |           |
+---------------------+-----------+-----------+-------+-------+-----------+
| r_sel[2]            | OUTPUT    |           |       |       |           |
+---------------------+-----------+-----------+-------+-------+-----------+
| r_sel[1]            | OUTPUT    |           |       |       |           |
+---------------------+-----------+-----------+-------+-------+-----------+
| r_sel[0]            | OUTPUT    |           |       |       |           |
+---------------------+-----------+-----------+-------+-------+-----------+
| clk                 | OUTPUT    |           |       |       |           |
+---------------------+-----------+-----------+-------+-------+-----------+
| reset               | INPUT     |           |       |       |           |
+---------------------+-----------+-----------+-------+-------+-----------+

Removed logic
-------------

Block i1 was optimized away.

OSC Summary
-----------

OSC 1:                                 Pin/Node Value
  OSC Instance Name:                            hf_osc
  Power UP:                            NODE     VCC_net
  Enable Signal:                       NODE     VCC_net
  OSC Output:                          NODE     int_osc
  DIV Setting:                                  01


                                    Page 2





ASIC Components
---------------

Instance Name: hf_osc
         Type: HFOSC

Constraint Summary
------------------

   Total number of constraints: 7
   Total number of constraints dropped: 0

Run Time and Memory Usage
-------------------------

   Total CPU Time: 0 secs
   Total REAL Time: 0 secs
   Peak Memory Usage: 64 MB
Checksum -- map: e9e2c8738dc8437d173c20b14ca11ec70f8ec23









































                                    Page 3


Copyright (c) 1991-1994 by NeoCAD Inc. All rights reserved.
Copyright (c) 1995
     AT&T Corp.   All rights reserved.
Copyright (c) 1995-2001 Lucent
     Technologies Inc.  All rights reserved.
Copyright (c) 2001 Agere Systems
     All rights reserved.
Copyright (c) 2002-2024 Lattice Semiconductor
     Corporation,  All rights reserved.
